<?xml version="1.0" encoding="UTF-8"?>
<!-- Generated by org.testng.reporters.JUnitReportReporter -->
<testsuite hostname="HIH-D-1894" name="com.netease.vstore.test.scene.BuyPrdctWithSelectColorAndSize" tests="13" failures="1" timestamp="10 Jul 2015 04:23:44 GMT" time="30.486" errors="0">
  <testcase name="addToCartTest" time="0.578" classname="com.netease.vstore.test.scene.BuyPrdctWithSelectColorAndSize"/>
  <testcase name="detailTest" time="1.270" classname="com.netease.vstore.test.scene.BuyPrdctWithSelectColorAndSize"/>
  <testcase name="xiupinLoginTest" time="7.827" classname="com.netease.vstore.test.scene.BuyPrdctWithSelectColorAndSize"/>
  <testcase name="xiupinLogout" time="4.116" classname="com.netease.vstore.test.scene.BuyPrdctWithSelectColorAndSize"/>
  <testcase name="buy" time="2.497" classname="com.netease.vstore.test.scene.BuyPrdctWithSelectColorAndSize"/>
  <testcase name="SelectSizeTest" time="2.567" classname="com.netease.vstore.test.scene.BuyPrdctWithSelectColorAndSize">
    <failure type="java.lang.AssertionError" message="null">
      <![CDATA[java.lang.AssertionError: null
	at org.testng.Assert.fail(Assert.java:94)
	at org.testng.Assert.fail(Assert.java:101)
	at Util.UIAutoVstoreUtil.ElementExist(UIAutoVstoreUtil.java:120)
	at com.netease.vstore.Detail.SelectSize(Detail.java:94)
	at com.netease.vstore.test.scene.BuyPrdctWithSelectColorAndSize.SelectSizeTest(BuyPrdctWithSelectColorAndSize.java:90)
	at sun.reflect.NativeMethodAccessorImpl.invoke0(Native Method)
	at sun.reflect.NativeMethodAccessorImpl.invoke(Unknown Source)
	at sun.reflect.DelegatingMethodAccessorImpl.invoke(Unknown Source)
	at java.lang.reflect.Method.invoke(Unknown Source)
	at org.testng.internal.MethodInvocationHelper.invokeMethod(MethodInvocationHelper.java:85)
	at org.testng.internal.Invoker.invokeMethod(Invoker.java:659)
	at org.testng.internal.Invoker.invokeTestMethod(Invoker.java:845)
	at org.testng.internal.Invoker.invokeTestMethods(Invoker.java:1153)
	at org.testng.internal.TestMethodWorker.invokeTestMethods(TestMethodWorker.java:125)
	at org.testng.internal.TestMethodWorker.run(TestMethodWorker.java:108)
	at org.testng.TestRunner.privateRun(TestRunner.java:771)
	at org.testng.TestRunner.run(TestRunner.java:621)
	at org.testng.SuiteRunner.runTest(SuiteRunner.java:357)
	at org.testng.SuiteRunner.runSequentially(SuiteRunner.java:352)
	at org.testng.SuiteRunner.privateRun(SuiteRunner.java:310)
	at org.testng.SuiteRunner.run(SuiteRunner.java:259)
	at org.testng.SuiteRunnerWorker.runSuite(SuiteRunnerWorker.java:52)
	at org.testng.SuiteRunnerWorker.run(SuiteRunnerWorker.java:86)
	at org.testng.TestNG.runSuitesSequentially(TestNG.java:1199)
	at org.testng.TestNG.runSuitesLocally(TestNG.java:1124)
	at org.testng.TestNG.run(TestNG.java:1032)
	at org.testng.remote.RemoteTestNG.run(RemoteTestNG.java:111)
	at org.testng.remote.RemoteTestNG.initAndRun(RemoteTestNG.java:204)
	at org.testng.remote.RemoteTestNG.main(RemoteTestNG.java:175)
]]>
    </failure>
  </testcase> <!-- SelectSizeTest -->
  <testcase name="cleanCart" time="2.677" classname="com.netease.vstore.test.scene.BuyPrdctWithSelectColorAndSize"/>
  <testcase name="PaymentMethod" time="1.093" classname="com.netease.vstore.test.scene.BuyPrdctWithSelectColorAndSize"/>
  <testcase name="CartTest" time="1.114" classname="com.netease.vstore.test.scene.BuyPrdctWithSelectColorAndSize"/>
  <testcase name="scheduleTest" time="1.460" classname="com.netease.vstore.test.scene.BuyPrdctWithSelectColorAndSize"/>
  <testcase name="purchaseIndex" time="1.584" classname="com.netease.vstore.test.scene.BuyPrdctWithSelectColorAndSize"/>
  <testcase name="SelectColorTest" time="1.999" classname="com.netease.vstore.test.scene.BuyPrdctWithSelectColorAndSize"/>
  <testcase name="ChangeProvinceTest" time="1.704" classname="com.netease.vstore.test.scene.BuyPrdctWithSelectColorAndSize"/>
</testsuite> <!-- com.netease.vstore.test.scene.BuyPrdctWithSelectColorAndSize -->
