<?xml version="1.0" encoding="UTF-8"?>
<!-- Generated by org.testng.reporters.JUnitXMLReporter -->
<testsuite hostname="HIH-D-1894" name="BuyFromHouseTest" tests="12" failures="7" timestamp="10 Jul 2015 03:59:09 GMT" time="25.718" errors="0">
  <testcase name="xiupinLoginTest" time="10.79" classname="com.netease.vstore.test.channel.BuyFromHouseTest"/>
  <testcase name="ChangeProvinceTest" time="1.692" classname="com.netease.vstore.test.channel.BuyFromHouseTest"/>
  <testcase name="cleanCart" time="2.679" classname="com.netease.vstore.test.channel.BuyFromHouseTest"/>
  <testcase name="houseTest" time="2.083" classname="com.netease.vstore.test.channel.BuyFromHouseTest"/>
  <testcase name="scheduleTest" time="0.022" classname="com.netease.vstore.test.channel.BuyFromHouseTest">
    <failure type="java.lang.AssertionError" message="null">
      <![CDATA[java.lang.AssertionError: null
	at Util.UIAutoVstoreUtil.ClickLinkWithSwitchWindow(UIAutoVstoreUtil.java:33)
	at com.netease.vstore.Schedule.schedule(Schedule.java:26)
	at com.netease.vstore.test.channel.BuyFromHouseTest.scheduleTest(BuyFromHouseTest.java:79)
... Removed 26 stack frames]]>
    </failure>
  </testcase> <!-- scheduleTest -->
  <testcase name="detailTest" time="3.026" classname="com.netease.vstore.test.channel.BuyFromHouseTest">
    <failure type="java.lang.AssertionError" message="null">
      <![CDATA[java.lang.AssertionError: null
	at Util.UIAutoVstoreUtil.ClickLinkWithSwitchWindow(UIAutoVstoreUtil.java:33)
	at com.netease.vstore.Detail.detail(Detail.java:27)
	at com.netease.vstore.test.channel.BuyFromHouseTest.detailTest(BuyFromHouseTest.java:85)
... Removed 26 stack frames]]>
    </failure>
  </testcase> <!-- detailTest -->
  <testcase name="addToCartTest" time="0.02" classname="com.netease.vstore.test.channel.BuyFromHouseTest">
    <failure type="java.lang.AssertionError" message="null">
      <![CDATA[java.lang.AssertionError: null
	at Util.UIAutoVstoreUtil.click(UIAutoVstoreUtil.java:166)
	at Util.UIAutoVstoreUtil.addToCartClickLinkNoSwitchWindow(UIAutoVstoreUtil.java:77)
	at com.netease.vstore.Cart.addToCart(Cart.java:25)
	at com.netease.vstore.test.channel.BuyFromHouseTest.addToCartTest(BuyFromHouseTest.java:91)
... Removed 26 stack frames]]>
    </failure>
  </testcase> <!-- addToCartTest -->
  <testcase name="CartTest" time="1.11" classname="com.netease.vstore.test.channel.BuyFromHouseTest">
    <failure type="java.lang.AssertionError" message="null">
      <![CDATA[java.lang.AssertionError: null
	at Util.UIAutoVstoreUtil.ElementExist(UIAutoVstoreUtil.java:120)
	at Util.UIAutoVstoreUtil.ClickLinkWithSwitchWindow(UIAutoVstoreUtil.java:45)
	at com.netease.vstore.Cart.cart(Cart.java:35)
	at com.netease.vstore.test.channel.BuyFromHouseTest.CartTest(BuyFromHouseTest.java:98)
... Removed 26 stack frames]]>
    </failure>
  </testcase> <!-- CartTest -->
  <testcase name="purchaseIndex" time="0.021" classname="com.netease.vstore.test.channel.BuyFromHouseTest">
    <failure type="java.lang.AssertionError" message="null">
      <![CDATA[java.lang.AssertionError: null
	at Util.UIAutoVstoreUtil.click(UIAutoVstoreUtil.java:166)
	at Util.UIAutoVstoreUtil.ClickLinkNoSwitchWindow(UIAutoVstoreUtil.java:54)
	at com.netease.vstore.Purchase.purchaseIndex(Purchase.java:21)
	at com.netease.vstore.test.channel.BuyFromHouseTest.purchaseIndex(BuyFromHouseTest.java:105)
... Removed 26 stack frames]]>
    </failure>
  </testcase> <!-- purchaseIndex -->
  <testcase name="PaymentMethod" time="0.013" classname="com.netease.vstore.test.channel.BuyFromHouseTest">
    <failure type="java.lang.AssertionError" message="null">
      <![CDATA[java.lang.AssertionError: null
	at Util.UIAutoVstoreUtil.click(UIAutoVstoreUtil.java:166)
	at Util.PaymentMethod.selectPaymentMethod(PaymentMethod.java:38)
	at com.netease.vstore.test.channel.BuyFromHouseTest.PaymentMethod(BuyFromHouseTest.java:112)
... Removed 26 stack frames]]>
    </failure>
  </testcase> <!-- PaymentMethod -->
  <testcase name="buy" time="0.013" classname="com.netease.vstore.test.channel.BuyFromHouseTest">
    <failure type="org.openqa.selenium.NoSuchElementException" message="no such element
  (Session info: chrome=35.0.1916.153)
  (Driver info: chromedriver=2.9.248315,platform=Windows NT 6.1 SP1 x86_64) (WARNING: The server did not provide any stacktrace information)
Command duration or timeout: 13 milliseconds
For documentation on this error, please visit: http://seleniumhq.org/exceptions/no_such_element.html
Build info: version: &amp;apos;2.45.0&amp;apos;, revision: &amp;apos;5017cb8e7ca8e37638dc3091b2440b90a1d8686f&amp;apos;, time: &amp;apos;2015-02-27 09:10:26&amp;apos;
System info: host: &amp;apos;HIH-D-1894&amp;apos;, ip: &amp;apos;10.240.177.8&amp;apos;, os.name: &amp;apos;Windows 7&amp;apos;, os.arch: &amp;apos;amd64&amp;apos;, os.version: &amp;apos;6.1&amp;apos;, java.version: &amp;apos;1.7.0_67&amp;apos;
*** Element info: {Using=xpath, value=//span[text()=&amp;apos;提交订单&amp;apos;]}
Session ID: 077ba7e98ad91338bfe147f46eb47f9f
Driver info: org.openqa.selenium.chrome.ChromeDriver
Capabilities [{platform=XP, acceptSslCerts=true, javascriptEnabled=true, browserName=chrome, chrome={userDataDir=C:\Users\HZGEQI~1\AppData\Local\Temp\scoped_dir2552_2064}, rotatable=false, locationContextEnabled=true, version=35.0.1916.153, takesHeapSnapshot=true, cssSelectorsEnabled=true, databaseEnabled=false, handlesAlerts=true, browserConnectionEnabled=false, webStorageEnabled=true, nativeEvents=true, applicationCacheEnabled=false, takesScreenshot=true}]">
      <![CDATA[org.openqa.selenium.NoSuchElementException: no such element
  (Session info: chrome=35.0.1916.153)
  (Driver info: chromedriver=2.9.248315,platform=Windows NT 6.1 SP1 x86_64) (WARNING: The server did not provide any stacktrace information)
Command duration or timeout: 13 milliseconds
For documentation on this error, please visit: http://seleniumhq.org/exceptions/no_such_element.html
Build info: version: '2.45.0', revision: '5017cb8e7ca8e37638dc3091b2440b90a1d8686f', time: '2015-02-27 09:10:26'
System info: host: 'HIH-D-1894', ip: '10.240.177.8', os.name: 'Windows 7', os.arch: 'amd64', os.version: '6.1', java.version: '1.7.0_67'
*** Element info: {Using=xpath, value=//span[text()='提交订单']}
Session ID: 077ba7e98ad91338bfe147f46eb47f9f
Driver info: org.openqa.selenium.chrome.ChromeDriver
Capabilities [{platform=XP, acceptSslCerts=true, javascriptEnabled=true, browserName=chrome, chrome={userDataDir=C:\Users\HZGEQI~1\AppData\Local\Temp\scoped_dir2552_2064}, rotatable=false, locationContextEnabled=true, version=35.0.1916.153, takesHeapSnapshot=true, cssSelectorsEnabled=true, databaseEnabled=false, handlesAlerts=true, browserConnectionEnabled=false, webStorageEnabled=true, nativeEvents=true, applicationCacheEnabled=false, takesScreenshot=true}]
	at org.openqa.selenium.remote.ErrorHandler.createThrowable(ErrorHandler.java:204)
	at org.openqa.selenium.remote.ErrorHandler.throwIfResponseFailed(ErrorHandler.java:156)
	at org.openqa.selenium.remote.RemoteWebDriver.execute(RemoteWebDriver.java:599)
	at org.openqa.selenium.remote.RemoteWebDriver.findElement(RemoteWebDriver.java:352)
	at org.openqa.selenium.remote.RemoteWebDriver.findElementByXPath(RemoteWebDriver.java:449)
	at org.openqa.selenium.By$ByXPath.findElement(By.java:357)
	at org.openqa.selenium.remote.RemoteWebDriver.findElement(RemoteWebDriver.java:344)
	at com.netease.vstore.Buy.buy(Buy.java:24)
	at com.netease.vstore.test.channel.BuyFromHouseTest.buy(BuyFromHouseTest.java:118)
... Removed 27 stack frames]]>
    </failure>
  </testcase> <!-- buy -->
  <testcase name="xiupinLogout" time="1.731" classname="com.netease.vstore.test.channel.BuyFromHouseTest"/>
</testsuite> <!-- BuyFromHouseTest -->
