<html>
<head>
<title>TestNG:  BuyFromGentlemenTest</title>
<link href="../testng.css" rel="stylesheet" type="text/css" />
<link href="../my-testng.css" rel="stylesheet" type="text/css" />

<style type="text/css">
.log { display: none;} 
.stack-trace { display: none;} 
</style>
<script type="text/javascript">
<!--
function flip(e) {
  current = e.style.display;
  if (current == 'block') {
    e.style.display = 'none';
    return 0;
  }
  else {
    e.style.display = 'block';
    return 1;
  }
}

function toggleBox(szDivId, elem, msg1, msg2)
{
  var res = -1;  if (document.getElementById) {
    res = flip(document.getElementById(szDivId));
  }
  else if (document.all) {
    // this is the way old msie versions work
    res = flip(document.all[szDivId]);
  }
  if(elem) {
    if(res == 0) elem.innerHTML = msg1; else elem.innerHTML = msg2;
  }

}

function toggleAllBoxes() {
  if (document.getElementsByTagName) {
    d = document.getElementsByTagName('div');
    for (i = 0; i < d.length; i++) {
      if (d[i].className == 'log') {
        flip(d[i]);
      }
    }
  }
}

// -->
</script>

</head>
<body>
<h2 align='center'>BuyFromGentlemenTest</h2><table border='1' align="center">
<tr>
<td>Tests passed/Failed/Skipped:</td><td>5/7/0</td>
</tr><tr>
<td>Started on:</td><td>Fri Jul 10 13:33:59 CST 2015</td>
</tr>
<tr><td>Total time:</td><td>20 seconds (20387 ms)</td>
</tr><tr>
<td>Included groups:</td><td></td>
</tr><tr>
<td>Excluded groups:</td><td></td>
</tr>
</table><p/>
<small><i>(Hover the method name to see the test class name)</i></small><p/>
<table width='100%' border='1' class='invocation-failed'>
<tr><td colspan='4' align='center'><b>FAILED TESTS</b></td></tr>
<tr><td><b>Test method</b></td>
<td width="30%"><b>Exception</b></td>
<td width="10%"><b>Time (seconds)</b></td>
<td><b>Instance</b></td>
</tr>
<tr>
<td title='com.netease.vstore.test.channel.BuyFromGentlemenTest.CartTest()'><b>CartTest</b><br>Test class: com.netease.vstore.test.channel.BuyFromGentlemenTest</td>
<td><div><pre>java.lang.AssertionError: null
	at Util.UIAutoVstoreUtil.ElementExist(UIAutoVstoreUtil.java:120)
	at Util.UIAutoVstoreUtil.ClickLinkWithSwitchWindow(UIAutoVstoreUtil.java:45)
	at com.netease.vstore.Cart.cart(Cart.java:35)
	at com.netease.vstore.test.channel.BuyFromGentlemenTest.CartTest(BuyFromGentlemenTest.java:97)
... Removed 26 stack frames</pre></div><a href='#' onClick='toggleBox("stack-trace329049819", this, "Click to show all stack frames", "Click to hide stack frames")'>Click to show all stack frames</a>
<div class='stack-trace' id='stack-trace329049819'><pre>java.lang.AssertionError: null
	at org.testng.Assert.fail(Assert.java:94)
	at org.testng.Assert.fail(Assert.java:101)
	at Util.UIAutoVstoreUtil.ElementExist(UIAutoVstoreUtil.java:120)
	at Util.UIAutoVstoreUtil.ClickLinkWithSwitchWindow(UIAutoVstoreUtil.java:45)
	at com.netease.vstore.Cart.cart(Cart.java:35)
	at com.netease.vstore.test.channel.BuyFromGentlemenTest.CartTest(BuyFromGentlemenTest.java:97)
	at sun.reflect.NativeMethodAccessorImpl.invoke0(Native Method)
	at sun.reflect.NativeMethodAccessorImpl.invoke(Unknown Source)
	at sun.reflect.DelegatingMethodAccessorImpl.invoke(Unknown Source)
	at java.lang.reflect.Method.invoke(Unknown Source)
	at org.testng.internal.MethodInvocationHelper.invokeMethod(MethodInvocationHelper.java:85)
	at org.testng.internal.Invoker.invokeMethod(Invoker.java:659)
	at org.testng.internal.Invoker.invokeTestMethod(Invoker.java:845)
	at org.testng.internal.Invoker.invokeTestMethods(Invoker.java:1153)
	at org.testng.internal.TestMethodWorker.invokeTestMethods(TestMethodWorker.java:125)
	at org.testng.internal.TestMethodWorker.run(TestMethodWorker.java:108)
	at org.testng.TestRunner.privateRun(TestRunner.java:771)
	at org.testng.TestRunner.run(TestRunner.java:621)
	at org.testng.SuiteRunner.runTest(SuiteRunner.java:357)
	at org.testng.SuiteRunner.runSequentially(SuiteRunner.java:352)
	at org.testng.SuiteRunner.privateRun(SuiteRunner.java:310)
	at org.testng.SuiteRunner.run(SuiteRunner.java:259)
	at org.testng.SuiteRunnerWorker.runSuite(SuiteRunnerWorker.java:52)
	at org.testng.SuiteRunnerWorker.run(SuiteRunnerWorker.java:86)
	at org.testng.TestNG.runSuitesSequentially(TestNG.java:1199)
	at org.testng.TestNG.runSuitesLocally(TestNG.java:1124)
	at org.testng.TestNG.run(TestNG.java:1032)
	at org.testng.remote.RemoteTestNG.run(RemoteTestNG.java:111)
	at org.testng.remote.RemoteTestNG.initAndRun(RemoteTestNG.java:204)
	at org.testng.remote.RemoteTestNG.main(RemoteTestNG.java:175)
</pre></div></td>
<td>1</td>
<td>com.netease.vstore.test.channel.BuyFromGentlemenTest@3598d24f</td></tr>
<tr>
<td title='com.netease.vstore.test.channel.BuyFromGentlemenTest.PaymentMethod()'><b>PaymentMethod</b><br>Test class: com.netease.vstore.test.channel.BuyFromGentlemenTest</td>
<td><div><pre>java.lang.AssertionError: null
	at Util.UIAutoVstoreUtil.click(UIAutoVstoreUtil.java:166)
	at Util.PaymentMethod.selectPaymentMethod(PaymentMethod.java:38)
	at com.netease.vstore.test.channel.BuyFromGentlemenTest.PaymentMethod(BuyFromGentlemenTest.java:111)
... Removed 26 stack frames</pre></div><a href='#' onClick='toggleBox("stack-trace337235606", this, "Click to show all stack frames", "Click to hide stack frames")'>Click to show all stack frames</a>
<div class='stack-trace' id='stack-trace337235606'><pre>java.lang.AssertionError: null
	at org.testng.Assert.fail(Assert.java:94)
	at org.testng.Assert.fail(Assert.java:101)
	at Util.UIAutoVstoreUtil.click(UIAutoVstoreUtil.java:166)
	at Util.PaymentMethod.selectPaymentMethod(PaymentMethod.java:38)
	at com.netease.vstore.test.channel.BuyFromGentlemenTest.PaymentMethod(BuyFromGentlemenTest.java:111)
	at sun.reflect.NativeMethodAccessorImpl.invoke0(Native Method)
	at sun.reflect.NativeMethodAccessorImpl.invoke(Unknown Source)
	at sun.reflect.DelegatingMethodAccessorImpl.invoke(Unknown Source)
	at java.lang.reflect.Method.invoke(Unknown Source)
	at org.testng.internal.MethodInvocationHelper.invokeMethod(MethodInvocationHelper.java:85)
	at org.testng.internal.Invoker.invokeMethod(Invoker.java:659)
	at org.testng.internal.Invoker.invokeTestMethod(Invoker.java:845)
	at org.testng.internal.Invoker.invokeTestMethods(Invoker.java:1153)
	at org.testng.internal.TestMethodWorker.invokeTestMethods(TestMethodWorker.java:125)
	at org.testng.internal.TestMethodWorker.run(TestMethodWorker.java:108)
	at org.testng.TestRunner.privateRun(TestRunner.java:771)
	at org.testng.TestRunner.run(TestRunner.java:621)
	at org.testng.SuiteRunner.runTest(SuiteRunner.java:357)
	at org.testng.SuiteRunner.runSequentially(SuiteRunner.java:352)
	at org.testng.SuiteRunner.privateRun(SuiteRunner.java:310)
	at org.testng.SuiteRunner.run(SuiteRunner.java:259)
	at org.testng.SuiteRunnerWorker.runSuite(SuiteRunnerWorker.java:52)
	at org.testng.SuiteRunnerWorker.run(SuiteRunnerWorker.java:86)
	at org.testng.TestNG.runSuitesSequentially(TestNG.java:1199)
	at org.testng.TestNG.runSuitesLocally(TestNG.java:1124)
	at org.testng.TestNG.run(TestNG.java:1032)
	at org.testng.remote.RemoteTestNG.run(RemoteTestNG.java:111)
	at org.testng.remote.RemoteTestNG.initAndRun(RemoteTestNG.java:204)
	at org.testng.remote.RemoteTestNG.main(RemoteTestNG.java:175)
</pre></div></td>
<td>0</td>
<td>com.netease.vstore.test.channel.BuyFromGentlemenTest@3598d24f</td></tr>
<tr>
<td title='com.netease.vstore.test.channel.BuyFromGentlemenTest.addToCartTest()'><b>addToCartTest</b><br>Test class: com.netease.vstore.test.channel.BuyFromGentlemenTest</td>
<td><div><pre>java.lang.AssertionError: null
	at Util.UIAutoVstoreUtil.click(UIAutoVstoreUtil.java:166)
	at Util.UIAutoVstoreUtil.addToCartClickLinkNoSwitchWindow(UIAutoVstoreUtil.java:77)
	at com.netease.vstore.Cart.addToCart(Cart.java:25)
	at com.netease.vstore.test.channel.BuyFromGentlemenTest.addToCartTest(BuyFromGentlemenTest.java:90)
... Removed 26 stack frames</pre></div><a href='#' onClick='toggleBox("stack-trace1144273617", this, "Click to show all stack frames", "Click to hide stack frames")'>Click to show all stack frames</a>
<div class='stack-trace' id='stack-trace1144273617'><pre>java.lang.AssertionError: null
	at org.testng.Assert.fail(Assert.java:94)
	at org.testng.Assert.fail(Assert.java:101)
	at Util.UIAutoVstoreUtil.click(UIAutoVstoreUtil.java:166)
	at Util.UIAutoVstoreUtil.addToCartClickLinkNoSwitchWindow(UIAutoVstoreUtil.java:77)
	at com.netease.vstore.Cart.addToCart(Cart.java:25)
	at com.netease.vstore.test.channel.BuyFromGentlemenTest.addToCartTest(BuyFromGentlemenTest.java:90)
	at sun.reflect.NativeMethodAccessorImpl.invoke0(Native Method)
	at sun.reflect.NativeMethodAccessorImpl.invoke(Unknown Source)
	at sun.reflect.DelegatingMethodAccessorImpl.invoke(Unknown Source)
	at java.lang.reflect.Method.invoke(Unknown Source)
	at org.testng.internal.MethodInvocationHelper.invokeMethod(MethodInvocationHelper.java:85)
	at org.testng.internal.Invoker.invokeMethod(Invoker.java:659)
	at org.testng.internal.Invoker.invokeTestMethod(Invoker.java:845)
	at org.testng.internal.Invoker.invokeTestMethods(Invoker.java:1153)
	at org.testng.internal.TestMethodWorker.invokeTestMethods(TestMethodWorker.java:125)
	at org.testng.internal.TestMethodWorker.run(TestMethodWorker.java:108)
	at org.testng.TestRunner.privateRun(TestRunner.java:771)
	at org.testng.TestRunner.run(TestRunner.java:621)
	at org.testng.SuiteRunner.runTest(SuiteRunner.java:357)
	at org.testng.SuiteRunner.runSequentially(SuiteRunner.java:352)
	at org.testng.SuiteRunner.privateRun(SuiteRunner.java:310)
	at org.testng.SuiteRunner.run(SuiteRunner.java:259)
	at org.testng.SuiteRunnerWorker.runSuite(SuiteRunnerWorker.java:52)
	at org.testng.SuiteRunnerWorker.run(SuiteRunnerWorker.java:86)
	at org.testng.TestNG.runSuitesSequentially(TestNG.java:1199)
	at org.testng.TestNG.runSuitesLocally(TestNG.java:1124)
	at org.testng.TestNG.run(TestNG.java:1032)
	at org.testng.remote.RemoteTestNG.run(RemoteTestNG.java:111)
	at org.testng.remote.RemoteTestNG.initAndRun(RemoteTestNG.java:204)
	at org.testng.remote.RemoteTestNG.main(RemoteTestNG.java:175)
</pre></div></td>
<td>0</td>
<td>com.netease.vstore.test.channel.BuyFromGentlemenTest@3598d24f</td></tr>
<tr>
<td title='com.netease.vstore.test.channel.BuyFromGentlemenTest.buy()'><b>buy</b><br>Test class: com.netease.vstore.test.channel.BuyFromGentlemenTest</td>
<td><div><pre>org.openqa.selenium.NoSuchElementException: no such element
  (Session info: chrome=35.0.1916.153)
  (Driver info: chromedriver=2.9.248315,platform=Windows NT 6.1 SP1 x86_64) (WARNING: The server did not provide any stacktrace information)
Command duration or timeout: 13 milliseconds
For documentation on this error, please visit: http://seleniumhq.org/exceptions/no_such_element.html
Build info: version: &apos;2.45.0&apos;, revision: &apos;5017cb8e7ca8e37638dc3091b2440b90a1d8686f&apos;, time: &apos;2015-02-27 09:10:26&apos;
System info: host: &apos;HIH-D-1894&apos;, ip: &apos;10.240.177.8&apos;, os.name: &apos;Windows 7&apos;, os.arch: &apos;amd64&apos;, os.version: &apos;6.1&apos;, java.version: &apos;1.7.0_67&apos;
*** Element info: {Using=xpath, value=//span[text()=&apos;提交订单&apos;]}
Session ID: 4178b13f6b17b5bd0eb19d47acb432ad
Driver info: org.openqa.selenium.chrome.ChromeDriver
Capabilities [{platform=XP, acceptSslCerts=true, javascriptEnabled=true, browserName=chrome, chrome={userDataDir=C:\Users\HZGEQI~1\AppData\Local\Temp\scoped_dir4952_20798}, rotatable=false, locationContextEnabled=true, version=35.0.1916.153, takesHeapSnapshot=true, cssSelectorsEnabled=true, databaseEnabled=false, handlesAlerts=true, browserConnectionEnabled=false, webStorageEnabled=true, nativeEvents=true, applicationCacheEnabled=false, takesScreenshot=true}]
	at org.openqa.selenium.remote.ErrorHandler.createThrowable(ErrorHandler.java:204)
	at org.openqa.selenium.remote.ErrorHandler.throwIfResponseFailed(ErrorHandler.java:156)
	at org.openqa.selenium.remote.RemoteWebDriver.execute(RemoteWebDriver.java:599)
	at org.openqa.selenium.remote.RemoteWebDriver.findElement(RemoteWebDriver.java:352)
	at org.openqa.selenium.remote.RemoteWebDriver.findElementByXPath(RemoteWebDriver.java:449)
	at org.openqa.selenium.By$ByXPath.findElement(By.java:357)
	at org.openqa.selenium.remote.RemoteWebDriver.findElement(RemoteWebDriver.java:344)
	at com.netease.vstore.Buy.buy(Buy.java:24)
	at com.netease.vstore.test.channel.BuyFromGentlemenTest.buy(BuyFromGentlemenTest.java:117)
... Removed 28 stack frames</pre></div><a href='#' onClick='toggleBox("stack-trace400505579", this, "Click to show all stack frames", "Click to hide stack frames")'>Click to show all stack frames</a>
<div class='stack-trace' id='stack-trace400505579'><pre>org.openqa.selenium.NoSuchElementException: no such element
  (Session info: chrome=35.0.1916.153)
  (Driver info: chromedriver=2.9.248315,platform=Windows NT 6.1 SP1 x86_64) (WARNING: The server did not provide any stacktrace information)
Command duration or timeout: 13 milliseconds
For documentation on this error, please visit: http://seleniumhq.org/exceptions/no_such_element.html
Build info: version: &apos;2.45.0&apos;, revision: &apos;5017cb8e7ca8e37638dc3091b2440b90a1d8686f&apos;, time: &apos;2015-02-27 09:10:26&apos;
System info: host: &apos;HIH-D-1894&apos;, ip: &apos;10.240.177.8&apos;, os.name: &apos;Windows 7&apos;, os.arch: &apos;amd64&apos;, os.version: &apos;6.1&apos;, java.version: &apos;1.7.0_67&apos;
*** Element info: {Using=xpath, value=//span[text()=&apos;提交订单&apos;]}
Session ID: 4178b13f6b17b5bd0eb19d47acb432ad
Driver info: org.openqa.selenium.chrome.ChromeDriver
Capabilities [{platform=XP, acceptSslCerts=true, javascriptEnabled=true, browserName=chrome, chrome={userDataDir=C:\Users\HZGEQI~1\AppData\Local\Temp\scoped_dir4952_20798}, rotatable=false, locationContextEnabled=true, version=35.0.1916.153, takesHeapSnapshot=true, cssSelectorsEnabled=true, databaseEnabled=false, handlesAlerts=true, browserConnectionEnabled=false, webStorageEnabled=true, nativeEvents=true, applicationCacheEnabled=false, takesScreenshot=true}]
	at sun.reflect.NativeConstructorAccessorImpl.newInstance0(Native Method)
	at sun.reflect.NativeConstructorAccessorImpl.newInstance(Unknown Source)
	at sun.reflect.DelegatingConstructorAccessorImpl.newInstance(Unknown Source)
	at java.lang.reflect.Constructor.newInstance(Unknown Source)
	at org.openqa.selenium.remote.ErrorHandler.createThrowable(ErrorHandler.java:204)
	at org.openqa.selenium.remote.ErrorHandler.throwIfResponseFailed(ErrorHandler.java:156)
	at org.openqa.selenium.remote.RemoteWebDriver.execute(RemoteWebDriver.java:599)
	at org.openqa.selenium.remote.RemoteWebDriver.findElement(RemoteWebDriver.java:352)
	at org.openqa.selenium.remote.RemoteWebDriver.findElementByXPath(RemoteWebDriver.java:449)
	at org.openqa.selenium.By$ByXPath.findElement(By.java:357)
	at org.openqa.selenium.remote.RemoteWebDriver.findElement(RemoteWebDriver.java:344)
	at com.netease.vstore.Buy.buy(Buy.java:24)
	at com.netease.vstore.test.channel.BuyFromGentlemenTest.buy(BuyFromGentlemenTest.java:117)
	at sun.reflect.NativeMethodAccessorImpl.invoke0(Native Method)
	at sun.reflect.NativeMethodAccessorImpl.invoke(Unknown Source)
	at sun.reflect.DelegatingMethodAccessorImpl.invoke(Unknown Source)
	at java.lang.reflect.Method.invoke(Unknown Source)
	at org.testng.internal.MethodInvocationHelper.invokeMethod(MethodInvocationHelper.java:85)
	at org.testng.internal.Invoker.invokeMethod(Invoker.java:659)
	at org.testng.internal.Invoker.invokeTestMethod(Invoker.java:845)
	at org.testng.internal.Invoker.invokeTestMethods(Invoker.java:1153)
	at org.testng.internal.TestMethodWorker.invokeTestMethods(TestMethodWorker.java:125)
	at org.testng.internal.TestMethodWorker.run(TestMethodWorker.java:108)
	at org.testng.TestRunner.privateRun(TestRunner.java:771)
	at org.testng.TestRunner.run(TestRunner.java:621)
	at org.testng.SuiteRunner.runTest(SuiteRunner.java:357)
	at org.testng.SuiteRunner.runSequentially(SuiteRunner.java:352)
	at org.testng.SuiteRunner.privateRun(SuiteRunner.java:310)
	at org.testng.SuiteRunner.run(SuiteRunner.java:259)
	at org.testng.SuiteRunnerWorker.runSuite(SuiteRunnerWorker.java:52)
	at org.testng.SuiteRunnerWorker.run(SuiteRunnerWorker.java:86)
	at org.testng.TestNG.runSuitesSequentially(TestNG.java:1199)
	at org.testng.TestNG.runSuitesLocally(TestNG.java:1124)
	at org.testng.TestNG.run(TestNG.java:1032)
	at org.testng.remote.RemoteTestNG.run(RemoteTestNG.java:111)
	at org.testng.remote.RemoteTestNG.initAndRun(RemoteTestNG.java:204)
	at org.testng.remote.RemoteTestNG.main(RemoteTestNG.java:175)
</pre></div></td>
<td>0</td>
<td>com.netease.vstore.test.channel.BuyFromGentlemenTest@3598d24f</td></tr>
<tr>
<td title='com.netease.vstore.test.channel.BuyFromGentlemenTest.detailTest()'><b>detailTest</b><br>Test class: com.netease.vstore.test.channel.BuyFromGentlemenTest</td>
<td><div><pre>java.lang.AssertionError: null
	at Util.UIAutoVstoreUtil.ClickLinkWithSwitchWindow(UIAutoVstoreUtil.java:33)
	at com.netease.vstore.Detail.detail(Detail.java:27)
	at com.netease.vstore.test.channel.BuyFromGentlemenTest.detailTest(BuyFromGentlemenTest.java:84)
... Removed 26 stack frames</pre></div><a href='#' onClick='toggleBox("stack-trace905694125", this, "Click to show all stack frames", "Click to hide stack frames")'>Click to show all stack frames</a>
<div class='stack-trace' id='stack-trace905694125'><pre>java.lang.AssertionError: null
	at org.testng.Assert.fail(Assert.java:94)
	at org.testng.Assert.fail(Assert.java:101)
	at Util.UIAutoVstoreUtil.ClickLinkWithSwitchWindow(UIAutoVstoreUtil.java:33)
	at com.netease.vstore.Detail.detail(Detail.java:27)
	at com.netease.vstore.test.channel.BuyFromGentlemenTest.detailTest(BuyFromGentlemenTest.java:84)
	at sun.reflect.NativeMethodAccessorImpl.invoke0(Native Method)
	at sun.reflect.NativeMethodAccessorImpl.invoke(Unknown Source)
	at sun.reflect.DelegatingMethodAccessorImpl.invoke(Unknown Source)
	at java.lang.reflect.Method.invoke(Unknown Source)
	at org.testng.internal.MethodInvocationHelper.invokeMethod(MethodInvocationHelper.java:85)
	at org.testng.internal.Invoker.invokeMethod(Invoker.java:659)
	at org.testng.internal.Invoker.invokeTestMethod(Invoker.java:845)
	at org.testng.internal.Invoker.invokeTestMethods(Invoker.java:1153)
	at org.testng.internal.TestMethodWorker.invokeTestMethods(TestMethodWorker.java:125)
	at org.testng.internal.TestMethodWorker.run(TestMethodWorker.java:108)
	at org.testng.TestRunner.privateRun(TestRunner.java:771)
	at org.testng.TestRunner.run(TestRunner.java:621)
	at org.testng.SuiteRunner.runTest(SuiteRunner.java:357)
	at org.testng.SuiteRunner.runSequentially(SuiteRunner.java:352)
	at org.testng.SuiteRunner.privateRun(SuiteRunner.java:310)
	at org.testng.SuiteRunner.run(SuiteRunner.java:259)
	at org.testng.SuiteRunnerWorker.runSuite(SuiteRunnerWorker.java:52)
	at org.testng.SuiteRunnerWorker.run(SuiteRunnerWorker.java:86)
	at org.testng.TestNG.runSuitesSequentially(TestNG.java:1199)
	at org.testng.TestNG.runSuitesLocally(TestNG.java:1124)
	at org.testng.TestNG.run(TestNG.java:1032)
	at org.testng.remote.RemoteTestNG.run(RemoteTestNG.java:111)
	at org.testng.remote.RemoteTestNG.initAndRun(RemoteTestNG.java:204)
	at org.testng.remote.RemoteTestNG.main(RemoteTestNG.java:175)
</pre></div></td>
<td>0</td>
<td>com.netease.vstore.test.channel.BuyFromGentlemenTest@3598d24f</td></tr>
<tr>
<td title='com.netease.vstore.test.channel.BuyFromGentlemenTest.purchaseIndex()'><b>purchaseIndex</b><br>Test class: com.netease.vstore.test.channel.BuyFromGentlemenTest</td>
<td><div><pre>java.lang.AssertionError: null
	at Util.UIAutoVstoreUtil.click(UIAutoVstoreUtil.java:166)
	at Util.UIAutoVstoreUtil.ClickLinkNoSwitchWindow(UIAutoVstoreUtil.java:54)
	at com.netease.vstore.Purchase.purchaseIndex(Purchase.java:21)
	at com.netease.vstore.test.channel.BuyFromGentlemenTest.purchaseIndex(BuyFromGentlemenTest.java:104)
... Removed 26 stack frames</pre></div><a href='#' onClick='toggleBox("stack-trace493739055", this, "Click to show all stack frames", "Click to hide stack frames")'>Click to show all stack frames</a>
<div class='stack-trace' id='stack-trace493739055'><pre>java.lang.AssertionError: null
	at org.testng.Assert.fail(Assert.java:94)
	at org.testng.Assert.fail(Assert.java:101)
	at Util.UIAutoVstoreUtil.click(UIAutoVstoreUtil.java:166)
	at Util.UIAutoVstoreUtil.ClickLinkNoSwitchWindow(UIAutoVstoreUtil.java:54)
	at com.netease.vstore.Purchase.purchaseIndex(Purchase.java:21)
	at com.netease.vstore.test.channel.BuyFromGentlemenTest.purchaseIndex(BuyFromGentlemenTest.java:104)
	at sun.reflect.NativeMethodAccessorImpl.invoke0(Native Method)
	at sun.reflect.NativeMethodAccessorImpl.invoke(Unknown Source)
	at sun.reflect.DelegatingMethodAccessorImpl.invoke(Unknown Source)
	at java.lang.reflect.Method.invoke(Unknown Source)
	at org.testng.internal.MethodInvocationHelper.invokeMethod(MethodInvocationHelper.java:85)
	at org.testng.internal.Invoker.invokeMethod(Invoker.java:659)
	at org.testng.internal.Invoker.invokeTestMethod(Invoker.java:845)
	at org.testng.internal.Invoker.invokeTestMethods(Invoker.java:1153)
	at org.testng.internal.TestMethodWorker.invokeTestMethods(TestMethodWorker.java:125)
	at org.testng.internal.TestMethodWorker.run(TestMethodWorker.java:108)
	at org.testng.TestRunner.privateRun(TestRunner.java:771)
	at org.testng.TestRunner.run(TestRunner.java:621)
	at org.testng.SuiteRunner.runTest(SuiteRunner.java:357)
	at org.testng.SuiteRunner.runSequentially(SuiteRunner.java:352)
	at org.testng.SuiteRunner.privateRun(SuiteRunner.java:310)
	at org.testng.SuiteRunner.run(SuiteRunner.java:259)
	at org.testng.SuiteRunnerWorker.runSuite(SuiteRunnerWorker.java:52)
	at org.testng.SuiteRunnerWorker.run(SuiteRunnerWorker.java:86)
	at org.testng.TestNG.runSuitesSequentially(TestNG.java:1199)
	at org.testng.TestNG.runSuitesLocally(TestNG.java:1124)
	at org.testng.TestNG.run(TestNG.java:1032)
	at org.testng.remote.RemoteTestNG.run(RemoteTestNG.java:111)
	at org.testng.remote.RemoteTestNG.initAndRun(RemoteTestNG.java:204)
	at org.testng.remote.RemoteTestNG.main(RemoteTestNG.java:175)
</pre></div></td>
<td>0</td>
<td>com.netease.vstore.test.channel.BuyFromGentlemenTest@3598d24f</td></tr>
<tr>
<td title='com.netease.vstore.test.channel.BuyFromGentlemenTest.scheduleTest()'><b>scheduleTest</b><br>Test class: com.netease.vstore.test.channel.BuyFromGentlemenTest</td>
<td><div><pre>java.lang.AssertionError: null
	at Util.UIAutoVstoreUtil.ClickLinkWithSwitchWindow(UIAutoVstoreUtil.java:33)
	at com.netease.vstore.Schedule.schedule(Schedule.java:26)
	at com.netease.vstore.test.channel.BuyFromGentlemenTest.scheduleTest(BuyFromGentlemenTest.java:78)
... Removed 26 stack frames</pre></div><a href='#' onClick='toggleBox("stack-trace1138818872", this, "Click to show all stack frames", "Click to hide stack frames")'>Click to show all stack frames</a>
<div class='stack-trace' id='stack-trace1138818872'><pre>java.lang.AssertionError: null
	at org.testng.Assert.fail(Assert.java:94)
	at org.testng.Assert.fail(Assert.java:101)
	at Util.UIAutoVstoreUtil.ClickLinkWithSwitchWindow(UIAutoVstoreUtil.java:33)
	at com.netease.vstore.Schedule.schedule(Schedule.java:26)
	at com.netease.vstore.test.channel.BuyFromGentlemenTest.scheduleTest(BuyFromGentlemenTest.java:78)
	at sun.reflect.NativeMethodAccessorImpl.invoke0(Native Method)
	at sun.reflect.NativeMethodAccessorImpl.invoke(Unknown Source)
	at sun.reflect.DelegatingMethodAccessorImpl.invoke(Unknown Source)
	at java.lang.reflect.Method.invoke(Unknown Source)
	at org.testng.internal.MethodInvocationHelper.invokeMethod(MethodInvocationHelper.java:85)
	at org.testng.internal.Invoker.invokeMethod(Invoker.java:659)
	at org.testng.internal.Invoker.invokeTestMethod(Invoker.java:845)
	at org.testng.internal.Invoker.invokeTestMethods(Invoker.java:1153)
	at org.testng.internal.TestMethodWorker.invokeTestMethods(TestMethodWorker.java:125)
	at org.testng.internal.TestMethodWorker.run(TestMethodWorker.java:108)
	at org.testng.TestRunner.privateRun(TestRunner.java:771)
	at org.testng.TestRunner.run(TestRunner.java:621)
	at org.testng.SuiteRunner.runTest(SuiteRunner.java:357)
	at org.testng.SuiteRunner.runSequentially(SuiteRunner.java:352)
	at org.testng.SuiteRunner.privateRun(SuiteRunner.java:310)
	at org.testng.SuiteRunner.run(SuiteRunner.java:259)
	at org.testng.SuiteRunnerWorker.runSuite(SuiteRunnerWorker.java:52)
	at org.testng.SuiteRunnerWorker.run(SuiteRunnerWorker.java:86)
	at org.testng.TestNG.runSuitesSequentially(TestNG.java:1199)
	at org.testng.TestNG.runSuitesLocally(TestNG.java:1124)
	at org.testng.TestNG.run(TestNG.java:1032)
	at org.testng.remote.RemoteTestNG.run(RemoteTestNG.java:111)
	at org.testng.remote.RemoteTestNG.initAndRun(RemoteTestNG.java:204)
	at org.testng.remote.RemoteTestNG.main(RemoteTestNG.java:175)
</pre></div></td>
<td>0</td>
<td>com.netease.vstore.test.channel.BuyFromGentlemenTest@3598d24f</td></tr>
</table><p>
<table width='100%' border='1' class='invocation-passed'>
<tr><td colspan='4' align='center'><b>PASSED TESTS</b></td></tr>
<tr><td><b>Test method</b></td>
<td width="30%"><b>Exception</b></td>
<td width="10%"><b>Time (seconds)</b></td>
<td><b>Instance</b></td>
</tr>
<tr>
<td title='com.netease.vstore.test.channel.BuyFromGentlemenTest.ChangeProvinceTest()'><b>ChangeProvinceTest</b><br>Test class: com.netease.vstore.test.channel.BuyFromGentlemenTest</td>
<td></td>
<td>1</td>
<td>com.netease.vstore.test.channel.BuyFromGentlemenTest@3598d24f</td></tr>
<tr>
<td title='com.netease.vstore.test.channel.BuyFromGentlemenTest.cleanCart()'><b>cleanCart</b><br>Test class: com.netease.vstore.test.channel.BuyFromGentlemenTest</td>
<td></td>
<td>2</td>
<td>com.netease.vstore.test.channel.BuyFromGentlemenTest@3598d24f</td></tr>
<tr>
<td title='com.netease.vstore.test.channel.BuyFromGentlemenTest.gentlemenTest()'><b>gentlemenTest</b><br>Test class: com.netease.vstore.test.channel.BuyFromGentlemenTest</td>
<td></td>
<td>1</td>
<td>com.netease.vstore.test.channel.BuyFromGentlemenTest@3598d24f</td></tr>
<tr>
<td title='com.netease.vstore.test.channel.BuyFromGentlemenTest.xiupinLoginTest()'><b>xiupinLoginTest</b><br>Test class: com.netease.vstore.test.channel.BuyFromGentlemenTest<br>Parameters: cktest1050@163.com, qa1234</td>
<td></td>
<td>7</td>
<td>com.netease.vstore.test.channel.BuyFromGentlemenTest@3598d24f</td></tr>
<tr>
<td title='com.netease.vstore.test.channel.BuyFromGentlemenTest.xiupinLogout()'><b>xiupinLogout</b><br>Test class: com.netease.vstore.test.channel.BuyFromGentlemenTest</td>
<td></td>
<td>2</td>
<td>com.netease.vstore.test.channel.BuyFromGentlemenTest@3598d24f</td></tr>
</table><p>
</body>
</html>