<?xml version="1.0" encoding="UTF-8"?>
<!-- Generated by org.testng.reporters.JUnitXMLReporter -->
<testsuite hostname="HIH-D-1894" name="BuyFromWomenTest" tests="12" failures="4" timestamp="10 Jul 2015 05:33:59 GMT" time="23.93" errors="0">
  <testcase name="xiupinLoginTest" time="7.626" classname="com.netease.vstore.test.channel.BuyFromWomenTest"/>
  <testcase name="ChangeProvinceTest" time="1.684" classname="com.netease.vstore.test.channel.BuyFromWomenTest"/>
  <testcase name="cleanCart" time="2.692" classname="com.netease.vstore.test.channel.BuyFromWomenTest"/>
  <testcase name="womanTest" time="1.197" classname="com.netease.vstore.test.channel.BuyFromWomenTest"/>
  <testcase name="scheduleTest" time="1.213" classname="com.netease.vstore.test.channel.BuyFromWomenTest"/>
  <testcase name="detailTest" time="3.236" classname="com.netease.vstore.test.channel.BuyFromWomenTest"/>
  <testcase name="addToCartTest" time="0.599" classname="com.netease.vstore.test.channel.BuyFromWomenTest"/>
  <testcase name="CartTest" time="1.128" classname="com.netease.vstore.test.channel.BuyFromWomenTest">
    <failure type="java.lang.AssertionError" message="null">
      <![CDATA[java.lang.AssertionError: null
	at Util.UIAutoVstoreUtil.ElementExist(UIAutoVstoreUtil.java:120)
	at Util.UIAutoVstoreUtil.ClickLinkWithSwitchWindow(UIAutoVstoreUtil.java:45)
	at com.netease.vstore.Cart.cart(Cart.java:35)
	at com.netease.vstore.test.channel.BuyFromWomenTest.CartTest(BuyFromWomenTest.java:99)
... Removed 26 stack frames]]>
    </failure>
  </testcase> <!-- CartTest -->
  <testcase name="purchaseIndex" time="0.019" classname="com.netease.vstore.test.channel.BuyFromWomenTest">
    <failure type="java.lang.AssertionError" message="null">
      <![CDATA[java.lang.AssertionError: null
	at Util.UIAutoVstoreUtil.click(UIAutoVstoreUtil.java:166)
	at Util.UIAutoVstoreUtil.ClickLinkNoSwitchWindow(UIAutoVstoreUtil.java:54)
	at com.netease.vstore.Purchase.purchaseIndex(Purchase.java:21)
	at com.netease.vstore.test.channel.BuyFromWomenTest.purchaseIndex(BuyFromWomenTest.java:106)
... Removed 26 stack frames]]>
    </failure>
  </testcase> <!-- purchaseIndex -->
  <testcase name="PaymentMethod" time="0.018" classname="com.netease.vstore.test.channel.BuyFromWomenTest">
    <failure type="java.lang.AssertionError" message="null">
      <![CDATA[java.lang.AssertionError: null
	at Util.UIAutoVstoreUtil.click(UIAutoVstoreUtil.java:166)
	at Util.PaymentMethod.selectPaymentMethod(PaymentMethod.java:38)
	at com.netease.vstore.test.channel.BuyFromWomenTest.PaymentMethod(BuyFromWomenTest.java:113)
... Removed 26 stack frames]]>
    </failure>
  </testcase> <!-- PaymentMethod -->
  <testcase name="buy" time="0.018" classname="com.netease.vstore.test.channel.BuyFromWomenTest">
    <failure type="org.openqa.selenium.NoSuchElementException" message="no such element
  (Session info: chrome=35.0.1916.153)
  (Driver info: chromedriver=2.9.248315,platform=Windows NT 6.1 SP1 x86_64) (WARNING: The server did not provide any stacktrace information)
Command duration or timeout: 17 milliseconds
For documentation on this error, please visit: http://seleniumhq.org/exceptions/no_such_element.html
Build info: version: &amp;apos;2.45.0&amp;apos;, revision: &amp;apos;5017cb8e7ca8e37638dc3091b2440b90a1d8686f&amp;apos;, time: &amp;apos;2015-02-27 09:10:26&amp;apos;
System info: host: &amp;apos;HIH-D-1894&amp;apos;, ip: &amp;apos;10.240.177.8&amp;apos;, os.name: &amp;apos;Windows 7&amp;apos;, os.arch: &amp;apos;amd64&amp;apos;, os.version: &amp;apos;6.1&amp;apos;, java.version: &amp;apos;1.7.0_67&amp;apos;
*** Element info: {Using=xpath, value=//span[text()=&amp;apos;提交订单&amp;apos;]}
Session ID: 0c00188cbe8b6d9564967f78f738e466
Driver info: org.openqa.selenium.chrome.ChromeDriver
Capabilities [{platform=XP, acceptSslCerts=true, javascriptEnabled=true, browserName=chrome, chrome={userDataDir=C:\Users\HZGEQI~1\AppData\Local\Temp\scoped_dir3284_4496}, rotatable=false, locationContextEnabled=true, version=35.0.1916.153, takesHeapSnapshot=true, cssSelectorsEnabled=true, databaseEnabled=false, handlesAlerts=true, browserConnectionEnabled=false, webStorageEnabled=true, nativeEvents=true, applicationCacheEnabled=false, takesScreenshot=true}]">
      <![CDATA[org.openqa.selenium.NoSuchElementException: no such element
  (Session info: chrome=35.0.1916.153)
  (Driver info: chromedriver=2.9.248315,platform=Windows NT 6.1 SP1 x86_64) (WARNING: The server did not provide any stacktrace information)
Command duration or timeout: 17 milliseconds
For documentation on this error, please visit: http://seleniumhq.org/exceptions/no_such_element.html
Build info: version: '2.45.0', revision: '5017cb8e7ca8e37638dc3091b2440b90a1d8686f', time: '2015-02-27 09:10:26'
System info: host: 'HIH-D-1894', ip: '10.240.177.8', os.name: 'Windows 7', os.arch: 'amd64', os.version: '6.1', java.version: '1.7.0_67'
*** Element info: {Using=xpath, value=//span[text()='提交订单']}
Session ID: 0c00188cbe8b6d9564967f78f738e466
Driver info: org.openqa.selenium.chrome.ChromeDriver
Capabilities [{platform=XP, acceptSslCerts=true, javascriptEnabled=true, browserName=chrome, chrome={userDataDir=C:\Users\HZGEQI~1\AppData\Local\Temp\scoped_dir3284_4496}, rotatable=false, locationContextEnabled=true, version=35.0.1916.153, takesHeapSnapshot=true, cssSelectorsEnabled=true, databaseEnabled=false, handlesAlerts=true, browserConnectionEnabled=false, webStorageEnabled=true, nativeEvents=true, applicationCacheEnabled=false, takesScreenshot=true}]
	at org.openqa.selenium.remote.ErrorHandler.createThrowable(ErrorHandler.java:204)
	at org.openqa.selenium.remote.ErrorHandler.throwIfResponseFailed(ErrorHandler.java:156)
	at org.openqa.selenium.remote.RemoteWebDriver.execute(RemoteWebDriver.java:599)
	at org.openqa.selenium.remote.RemoteWebDriver.findElement(RemoteWebDriver.java:352)
	at org.openqa.selenium.remote.RemoteWebDriver.findElementByXPath(RemoteWebDriver.java:449)
	at org.openqa.selenium.By$ByXPath.findElement(By.java:357)
	at org.openqa.selenium.remote.RemoteWebDriver.findElement(RemoteWebDriver.java:344)
	at com.netease.vstore.Buy.buy(Buy.java:24)
	at com.netease.vstore.test.channel.BuyFromWomenTest.buy(BuyFromWomenTest.java:119)
... Removed 28 stack frames]]>
    </failure>
  </testcase> <!-- buy -->
  <testcase name="xiupinLogout" time="1.736" classname="com.netease.vstore.test.channel.BuyFromWomenTest"/>
</testsuite> <!-- BuyFromWomenTest -->
