<?xml version="1.0" encoding="UTF-8"?>
<!-- Generated by org.testng.reporters.JUnitXMLReporter -->
<testsuite hostname="HIH-D-1894" name="BuyTwoSamePrdctFromOneShop" tests="11" failures="4" timestamp="26 Jun 2015 09:11:00 GMT" time="38.657" errors="0">
  <testcase name="xiupinLoginTest" time="10.924" classname="com.netease.vstore.test.scene.BuyTwoSamePrdctFromOneShop"/>
  <testcase name="ChangeProvinceTest" time="1.664" classname="com.netease.vstore.test.scene.BuyTwoSamePrdctFromOneShop"/>
  <testcase name="scheduleTest" time="9.172" classname="com.netease.vstore.test.scene.BuyTwoSamePrdctFromOneShop"/>
  <testcase name="detailTest" time="1.239" classname="com.netease.vstore.test.scene.BuyTwoSamePrdctFromOneShop"/>
  <testcase name="incrPrdtCountTest" time="0.556" classname="com.netease.vstore.test.scene.BuyTwoSamePrdctFromOneShop"/>
  <testcase name="addToCartTest" time="2.628" classname="com.netease.vstore.test.scene.BuyTwoSamePrdctFromOneShop"/>
  <testcase name="CartTest" time="0.553" classname="com.netease.vstore.test.scene.BuyTwoSamePrdctFromOneShop">
    <failure type="java.lang.AssertionError" message="expected [true] but found [false]">
      <![CDATA[java.lang.AssertionError: expected [true] but found [false]
	at Util.UIAutoVstoreUtil.ClickLinkWithSwitchWindow(UIAutoVstoreUtil.java:58)
	at com.netease.vstore.Cart.cart(Cart.java:34)
	at com.netease.vstore.test.scene.BuyTwoSamePrdctFromOneShop.CartTest(BuyTwoSamePrdctFromOneShop.java:91)
... Removed 28 stack frames]]>
    </failure>
  </testcase> <!-- CartTest -->
  <testcase name="purchaseIndex" time="0.529" classname="com.netease.vstore.test.scene.BuyTwoSamePrdctFromOneShop">
    <failure type="java.lang.AssertionError" message="expected [true] but found [false]">
      <![CDATA[java.lang.AssertionError: expected [true] but found [false]
	at Util.UIAutoVstoreUtil.ClickLinkNoSwitchWindow(UIAutoVstoreUtil.java:91)
	at com.netease.vstore.Purchase.purchaseIndex(Purchase.java:20)
	at com.netease.vstore.test.scene.BuyTwoSamePrdctFromOneShop.purchaseIndex(BuyTwoSamePrdctFromOneShop.java:100)
... Removed 28 stack frames]]>
    </failure>
  </testcase> <!-- purchaseIndex -->
  <testcase name="PaymentMethod" time="0.53" classname="com.netease.vstore.test.scene.BuyTwoSamePrdctFromOneShop">
    <failure type="java.lang.AssertionError" message="expected [true] but found [false]">
      <![CDATA[java.lang.AssertionError: expected [true] but found [false]
	at Util.PaymentMethod.selectPaymentMethod(PaymentMethod.java:55)
	at com.netease.vstore.test.scene.BuyTwoSamePrdctFromOneShop.PaymentMethod(BuyTwoSamePrdctFromOneShop.java:107)
... Removed 28 stack frames]]>
    </failure>
  </testcase> <!-- PaymentMethod -->
  <testcase name="buy" time="0.016" classname="com.netease.vstore.test.scene.BuyTwoSamePrdctFromOneShop">
    <failure type="org.openqa.selenium.NoSuchElementException" message="no such element
  (Session info: chrome=35.0.1916.153)
  (Driver info: chromedriver=2.9.248315,platform=Windows NT 6.1 SP1 x86_64) (WARNING: The server did not provide any stacktrace information)
Command duration or timeout: 15 milliseconds
For documentation on this error, please visit: http://seleniumhq.org/exceptions/no_such_element.html
Build info: version: &amp;apos;2.45.0&amp;apos;, revision: &amp;apos;5017cb8e7ca8e37638dc3091b2440b90a1d8686f&amp;apos;, time: &amp;apos;2015-02-27 09:10:26&amp;apos;
System info: host: &amp;apos;HIH-D-1894&amp;apos;, ip: &amp;apos;10.240.177.8&amp;apos;, os.name: &amp;apos;Windows 7&amp;apos;, os.arch: &amp;apos;amd64&amp;apos;, os.version: &amp;apos;6.1&amp;apos;, java.version: &amp;apos;1.7.0_67&amp;apos;
*** Element info: {Using=xpath, value=//span[text()=&amp;apos;提交订单&amp;apos;]}
Session ID: d90fdde6f2c1002330883b8e33d91be3
Driver info: org.openqa.selenium.chrome.ChromeDriver
Capabilities [{platform=XP, acceptSslCerts=true, javascriptEnabled=true, browserName=chrome, chrome={userDataDir=C:\Users\HZGEQI~1\AppData\Local\Temp\scoped_dir8036_10852}, rotatable=false, locationContextEnabled=true, version=35.0.1916.153, takesHeapSnapshot=true, cssSelectorsEnabled=true, databaseEnabled=false, handlesAlerts=true, browserConnectionEnabled=false, webStorageEnabled=true, nativeEvents=true, applicationCacheEnabled=false, takesScreenshot=true}]">
      <![CDATA[org.openqa.selenium.NoSuchElementException: no such element
  (Session info: chrome=35.0.1916.153)
  (Driver info: chromedriver=2.9.248315,platform=Windows NT 6.1 SP1 x86_64) (WARNING: The server did not provide any stacktrace information)
Command duration or timeout: 15 milliseconds
For documentation on this error, please visit: http://seleniumhq.org/exceptions/no_such_element.html
Build info: version: '2.45.0', revision: '5017cb8e7ca8e37638dc3091b2440b90a1d8686f', time: '2015-02-27 09:10:26'
System info: host: 'HIH-D-1894', ip: '10.240.177.8', os.name: 'Windows 7', os.arch: 'amd64', os.version: '6.1', java.version: '1.7.0_67'
*** Element info: {Using=xpath, value=//span[text()='提交订单']}
Session ID: d90fdde6f2c1002330883b8e33d91be3
Driver info: org.openqa.selenium.chrome.ChromeDriver
Capabilities [{platform=XP, acceptSslCerts=true, javascriptEnabled=true, browserName=chrome, chrome={userDataDir=C:\Users\HZGEQI~1\AppData\Local\Temp\scoped_dir8036_10852}, rotatable=false, locationContextEnabled=true, version=35.0.1916.153, takesHeapSnapshot=true, cssSelectorsEnabled=true, databaseEnabled=false, handlesAlerts=true, browserConnectionEnabled=false, webStorageEnabled=true, nativeEvents=true, applicationCacheEnabled=false, takesScreenshot=true}]
	at org.openqa.selenium.remote.ErrorHandler.createThrowable(ErrorHandler.java:204)
	at org.openqa.selenium.remote.ErrorHandler.throwIfResponseFailed(ErrorHandler.java:156)
	at org.openqa.selenium.remote.RemoteWebDriver.execute(RemoteWebDriver.java:599)
	at org.openqa.selenium.remote.RemoteWebDriver.findElement(RemoteWebDriver.java:352)
	at org.openqa.selenium.remote.RemoteWebDriver.findElementByXPath(RemoteWebDriver.java:449)
	at org.openqa.selenium.By$ByXPath.findElement(By.java:357)
	at org.openqa.selenium.remote.RemoteWebDriver.findElement(RemoteWebDriver.java:344)
	at com.netease.vstore.Buy.buy(Buy.java:24)
	at com.netease.vstore.test.scene.BuyTwoSamePrdctFromOneShop.buy(BuyTwoSamePrdctFromOneShop.java:113)
... Removed 28 stack frames]]>
    </failure>
  </testcase> <!-- buy -->
  <testcase name="xiupinLogout" time="2.346" classname="com.netease.vstore.test.scene.BuyTwoSamePrdctFromOneShop"/>
</testsuite> <!-- BuyTwoSamePrdctFromOneShop -->
