<html>
<head>
<title>TestNG:  BuyTwoSamePrdctFromOneShop</title>
<link href="../testng.css" rel="stylesheet" type="text/css" />
<link href="../my-testng.css" rel="stylesheet" type="text/css" />

<style type="text/css">
.log { display: none;} 
.stack-trace { display: none;} 
</style>
<script type="text/javascript">
<!--
function flip(e) {
  current = e.style.display;
  if (current == 'block') {
    e.style.display = 'none';
    return 0;
  }
  else {
    e.style.display = 'block';
    return 1;
  }
}

function toggleBox(szDivId, elem, msg1, msg2)
{
  var res = -1;  if (document.getElementById) {
    res = flip(document.getElementById(szDivId));
  }
  else if (document.all) {
    // this is the way old msie versions work
    res = flip(document.all[szDivId]);
  }
  if(elem) {
    if(res == 0) elem.innerHTML = msg1; else elem.innerHTML = msg2;
  }

}

function toggleAllBoxes() {
  if (document.getElementsByTagName) {
    d = document.getElementsByTagName('div');
    for (i = 0; i < d.length; i++) {
      if (d[i].className == 'log') {
        flip(d[i]);
      }
    }
  }
}

// -->
</script>

</head>
<body>
<h2 align='center'>BuyTwoSamePrdctFromOneShop</h2><table border='1' align="center">
<tr>
<td>Tests passed/Failed/Skipped:</td><td>7/4/0</td>
</tr><tr>
<td>Started on:</td><td>Fri Jun 26 17:10:21 CST 2015</td>
</tr>
<tr><td>Total time:</td><td>38 seconds (38657 ms)</td>
</tr><tr>
<td>Included groups:</td><td></td>
</tr><tr>
<td>Excluded groups:</td><td></td>
</tr>
</table><p/>
<small><i>(Hover the method name to see the test class name)</i></small><p/>
<table width='100%' border='1' class='invocation-failed'>
<tr><td colspan='4' align='center'><b>FAILED TESTS</b></td></tr>
<tr><td><b>Test method</b></td>
<td width="30%"><b>Exception</b></td>
<td width="10%"><b>Time (seconds)</b></td>
<td><b>Instance</b></td>
</tr>
<tr>
<td title='com.netease.vstore.test.scene.BuyTwoSamePrdctFromOneShop.CartTest()'><b>CartTest</b><br>Test class: com.netease.vstore.test.scene.BuyTwoSamePrdctFromOneShop</td>
<td><div><pre>java.lang.AssertionError: expected [true] but found [false]
	at Util.UIAutoVstoreUtil.ClickLinkWithSwitchWindow(UIAutoVstoreUtil.java:58)
	at com.netease.vstore.Cart.cart(Cart.java:34)
	at com.netease.vstore.test.scene.BuyTwoSamePrdctFromOneShop.CartTest(BuyTwoSamePrdctFromOneShop.java:91)
... Removed 28 stack frames</pre></div><a href='#' onClick='toggleBox("stack-trace649880711", this, "Click to show all stack frames", "Click to hide stack frames")'>Click to show all stack frames</a>
<div class='stack-trace' id='stack-trace649880711'><pre>java.lang.AssertionError: expected [true] but found [false]
	at org.testng.Assert.fail(Assert.java:94)
	at org.testng.Assert.failNotEquals(Assert.java:496)
	at org.testng.Assert.assertTrue(Assert.java:42)
	at org.testng.Assert.assertTrue(Assert.java:52)
	at Util.UIAutoVstoreUtil.ClickLinkWithSwitchWindow(UIAutoVstoreUtil.java:58)
	at com.netease.vstore.Cart.cart(Cart.java:34)
	at com.netease.vstore.test.scene.BuyTwoSamePrdctFromOneShop.CartTest(BuyTwoSamePrdctFromOneShop.java:91)
	at sun.reflect.NativeMethodAccessorImpl.invoke0(Native Method)
	at sun.reflect.NativeMethodAccessorImpl.invoke(Unknown Source)
	at sun.reflect.DelegatingMethodAccessorImpl.invoke(Unknown Source)
	at java.lang.reflect.Method.invoke(Unknown Source)
	at org.testng.internal.MethodInvocationHelper.invokeMethod(MethodInvocationHelper.java:85)
	at org.testng.internal.Invoker.invokeMethod(Invoker.java:659)
	at org.testng.internal.Invoker.invokeTestMethod(Invoker.java:845)
	at org.testng.internal.Invoker.invokeTestMethods(Invoker.java:1153)
	at org.testng.internal.TestMethodWorker.invokeTestMethods(TestMethodWorker.java:125)
	at org.testng.internal.TestMethodWorker.run(TestMethodWorker.java:108)
	at org.testng.TestRunner.privateRun(TestRunner.java:771)
	at org.testng.TestRunner.run(TestRunner.java:621)
	at org.testng.SuiteRunner.runTest(SuiteRunner.java:357)
	at org.testng.SuiteRunner.runSequentially(SuiteRunner.java:352)
	at org.testng.SuiteRunner.privateRun(SuiteRunner.java:310)
	at org.testng.SuiteRunner.run(SuiteRunner.java:259)
	at org.testng.SuiteRunnerWorker.runSuite(SuiteRunnerWorker.java:52)
	at org.testng.SuiteRunnerWorker.run(SuiteRunnerWorker.java:86)
	at org.testng.TestNG.runSuitesSequentially(TestNG.java:1199)
	at org.testng.TestNG.runSuitesLocally(TestNG.java:1124)
	at org.testng.TestNG.run(TestNG.java:1032)
	at org.testng.remote.RemoteTestNG.run(RemoteTestNG.java:111)
	at org.testng.remote.RemoteTestNG.initAndRun(RemoteTestNG.java:204)
	at org.testng.remote.RemoteTestNG.main(RemoteTestNG.java:175)
</pre></div></td>
<td>0</td>
<td>com.netease.vstore.test.scene.BuyTwoSamePrdctFromOneShop@653838e4</td></tr>
<tr>
<td title='com.netease.vstore.test.scene.BuyTwoSamePrdctFromOneShop.PaymentMethod()'><b>PaymentMethod</b><br>Test class: com.netease.vstore.test.scene.BuyTwoSamePrdctFromOneShop</td>
<td><div><pre>java.lang.AssertionError: expected [true] but found [false]
	at Util.PaymentMethod.selectPaymentMethod(PaymentMethod.java:55)
	at com.netease.vstore.test.scene.BuyTwoSamePrdctFromOneShop.PaymentMethod(BuyTwoSamePrdctFromOneShop.java:107)
... Removed 28 stack frames</pre></div><a href='#' onClick='toggleBox("stack-trace1297590473", this, "Click to show all stack frames", "Click to hide stack frames")'>Click to show all stack frames</a>
<div class='stack-trace' id='stack-trace1297590473'><pre>java.lang.AssertionError: expected [true] but found [false]
	at org.testng.Assert.fail(Assert.java:94)
	at org.testng.Assert.failNotEquals(Assert.java:496)
	at org.testng.Assert.assertTrue(Assert.java:42)
	at org.testng.Assert.assertTrue(Assert.java:52)
	at Util.PaymentMethod.selectPaymentMethod(PaymentMethod.java:55)
	at com.netease.vstore.test.scene.BuyTwoSamePrdctFromOneShop.PaymentMethod(BuyTwoSamePrdctFromOneShop.java:107)
	at sun.reflect.NativeMethodAccessorImpl.invoke0(Native Method)
	at sun.reflect.NativeMethodAccessorImpl.invoke(Unknown Source)
	at sun.reflect.DelegatingMethodAccessorImpl.invoke(Unknown Source)
	at java.lang.reflect.Method.invoke(Unknown Source)
	at org.testng.internal.MethodInvocationHelper.invokeMethod(MethodInvocationHelper.java:85)
	at org.testng.internal.Invoker.invokeMethod(Invoker.java:659)
	at org.testng.internal.Invoker.invokeTestMethod(Invoker.java:845)
	at org.testng.internal.Invoker.invokeTestMethods(Invoker.java:1153)
	at org.testng.internal.TestMethodWorker.invokeTestMethods(TestMethodWorker.java:125)
	at org.testng.internal.TestMethodWorker.run(TestMethodWorker.java:108)
	at org.testng.TestRunner.privateRun(TestRunner.java:771)
	at org.testng.TestRunner.run(TestRunner.java:621)
	at org.testng.SuiteRunner.runTest(SuiteRunner.java:357)
	at org.testng.SuiteRunner.runSequentially(SuiteRunner.java:352)
	at org.testng.SuiteRunner.privateRun(SuiteRunner.java:310)
	at org.testng.SuiteRunner.run(SuiteRunner.java:259)
	at org.testng.SuiteRunnerWorker.runSuite(SuiteRunnerWorker.java:52)
	at org.testng.SuiteRunnerWorker.run(SuiteRunnerWorker.java:86)
	at org.testng.TestNG.runSuitesSequentially(TestNG.java:1199)
	at org.testng.TestNG.runSuitesLocally(TestNG.java:1124)
	at org.testng.TestNG.run(TestNG.java:1032)
	at org.testng.remote.RemoteTestNG.run(RemoteTestNG.java:111)
	at org.testng.remote.RemoteTestNG.initAndRun(RemoteTestNG.java:204)
	at org.testng.remote.RemoteTestNG.main(RemoteTestNG.java:175)
</pre></div></td>
<td>0</td>
<td>com.netease.vstore.test.scene.BuyTwoSamePrdctFromOneShop@653838e4</td></tr>
<tr>
<td title='com.netease.vstore.test.scene.BuyTwoSamePrdctFromOneShop.buy()'><b>buy</b><br>Test class: com.netease.vstore.test.scene.BuyTwoSamePrdctFromOneShop</td>
<td><div><pre>org.openqa.selenium.NoSuchElementException: no such element
  (Session info: chrome=35.0.1916.153)
  (Driver info: chromedriver=2.9.248315,platform=Windows NT 6.1 SP1 x86_64) (WARNING: The server did not provide any stacktrace information)
Command duration or timeout: 15 milliseconds
For documentation on this error, please visit: http://seleniumhq.org/exceptions/no_such_element.html
Build info: version: &apos;2.45.0&apos;, revision: &apos;5017cb8e7ca8e37638dc3091b2440b90a1d8686f&apos;, time: &apos;2015-02-27 09:10:26&apos;
System info: host: &apos;HIH-D-1894&apos;, ip: &apos;10.240.177.8&apos;, os.name: &apos;Windows 7&apos;, os.arch: &apos;amd64&apos;, os.version: &apos;6.1&apos;, java.version: &apos;1.7.0_67&apos;
*** Element info: {Using=xpath, value=//span[text()=&apos;提交订单&apos;]}
Session ID: d90fdde6f2c1002330883b8e33d91be3
Driver info: org.openqa.selenium.chrome.ChromeDriver
Capabilities [{platform=XP, acceptSslCerts=true, javascriptEnabled=true, browserName=chrome, chrome={userDataDir=C:\Users\HZGEQI~1\AppData\Local\Temp\scoped_dir8036_10852}, rotatable=false, locationContextEnabled=true, version=35.0.1916.153, takesHeapSnapshot=true, cssSelectorsEnabled=true, databaseEnabled=false, handlesAlerts=true, browserConnectionEnabled=false, webStorageEnabled=true, nativeEvents=true, applicationCacheEnabled=false, takesScreenshot=true}]
	at org.openqa.selenium.remote.ErrorHandler.createThrowable(ErrorHandler.java:204)
	at org.openqa.selenium.remote.ErrorHandler.throwIfResponseFailed(ErrorHandler.java:156)
	at org.openqa.selenium.remote.RemoteWebDriver.execute(RemoteWebDriver.java:599)
	at org.openqa.selenium.remote.RemoteWebDriver.findElement(RemoteWebDriver.java:352)
	at org.openqa.selenium.remote.RemoteWebDriver.findElementByXPath(RemoteWebDriver.java:449)
	at org.openqa.selenium.By$ByXPath.findElement(By.java:357)
	at org.openqa.selenium.remote.RemoteWebDriver.findElement(RemoteWebDriver.java:344)
	at com.netease.vstore.Buy.buy(Buy.java:24)
	at com.netease.vstore.test.scene.BuyTwoSamePrdctFromOneShop.buy(BuyTwoSamePrdctFromOneShop.java:113)
... Removed 28 stack frames</pre></div><a href='#' onClick='toggleBox("stack-trace2047836745", this, "Click to show all stack frames", "Click to hide stack frames")'>Click to show all stack frames</a>
<div class='stack-trace' id='stack-trace2047836745'><pre>org.openqa.selenium.NoSuchElementException: no such element
  (Session info: chrome=35.0.1916.153)
  (Driver info: chromedriver=2.9.248315,platform=Windows NT 6.1 SP1 x86_64) (WARNING: The server did not provide any stacktrace information)
Command duration or timeout: 15 milliseconds
For documentation on this error, please visit: http://seleniumhq.org/exceptions/no_such_element.html
Build info: version: &apos;2.45.0&apos;, revision: &apos;5017cb8e7ca8e37638dc3091b2440b90a1d8686f&apos;, time: &apos;2015-02-27 09:10:26&apos;
System info: host: &apos;HIH-D-1894&apos;, ip: &apos;10.240.177.8&apos;, os.name: &apos;Windows 7&apos;, os.arch: &apos;amd64&apos;, os.version: &apos;6.1&apos;, java.version: &apos;1.7.0_67&apos;
*** Element info: {Using=xpath, value=//span[text()=&apos;提交订单&apos;]}
Session ID: d90fdde6f2c1002330883b8e33d91be3
Driver info: org.openqa.selenium.chrome.ChromeDriver
Capabilities [{platform=XP, acceptSslCerts=true, javascriptEnabled=true, browserName=chrome, chrome={userDataDir=C:\Users\HZGEQI~1\AppData\Local\Temp\scoped_dir8036_10852}, rotatable=false, locationContextEnabled=true, version=35.0.1916.153, takesHeapSnapshot=true, cssSelectorsEnabled=true, databaseEnabled=false, handlesAlerts=true, browserConnectionEnabled=false, webStorageEnabled=true, nativeEvents=true, applicationCacheEnabled=false, takesScreenshot=true}]
	at sun.reflect.NativeConstructorAccessorImpl.newInstance0(Native Method)
	at sun.reflect.NativeConstructorAccessorImpl.newInstance(Unknown Source)
	at sun.reflect.DelegatingConstructorAccessorImpl.newInstance(Unknown Source)
	at java.lang.reflect.Constructor.newInstance(Unknown Source)
	at org.openqa.selenium.remote.ErrorHandler.createThrowable(ErrorHandler.java:204)
	at org.openqa.selenium.remote.ErrorHandler.throwIfResponseFailed(ErrorHandler.java:156)
	at org.openqa.selenium.remote.RemoteWebDriver.execute(RemoteWebDriver.java:599)
	at org.openqa.selenium.remote.RemoteWebDriver.findElement(RemoteWebDriver.java:352)
	at org.openqa.selenium.remote.RemoteWebDriver.findElementByXPath(RemoteWebDriver.java:449)
	at org.openqa.selenium.By$ByXPath.findElement(By.java:357)
	at org.openqa.selenium.remote.RemoteWebDriver.findElement(RemoteWebDriver.java:344)
	at com.netease.vstore.Buy.buy(Buy.java:24)
	at com.netease.vstore.test.scene.BuyTwoSamePrdctFromOneShop.buy(BuyTwoSamePrdctFromOneShop.java:113)
	at sun.reflect.NativeMethodAccessorImpl.invoke0(Native Method)
	at sun.reflect.NativeMethodAccessorImpl.invoke(Unknown Source)
	at sun.reflect.DelegatingMethodAccessorImpl.invoke(Unknown Source)
	at java.lang.reflect.Method.invoke(Unknown Source)
	at org.testng.internal.MethodInvocationHelper.invokeMethod(MethodInvocationHelper.java:85)
	at org.testng.internal.Invoker.invokeMethod(Invoker.java:659)
	at org.testng.internal.Invoker.invokeTestMethod(Invoker.java:845)
	at org.testng.internal.Invoker.invokeTestMethods(Invoker.java:1153)
	at org.testng.internal.TestMethodWorker.invokeTestMethods(TestMethodWorker.java:125)
	at org.testng.internal.TestMethodWorker.run(TestMethodWorker.java:108)
	at org.testng.TestRunner.privateRun(TestRunner.java:771)
	at org.testng.TestRunner.run(TestRunner.java:621)
	at org.testng.SuiteRunner.runTest(SuiteRunner.java:357)
	at org.testng.SuiteRunner.runSequentially(SuiteRunner.java:352)
	at org.testng.SuiteRunner.privateRun(SuiteRunner.java:310)
	at org.testng.SuiteRunner.run(SuiteRunner.java:259)
	at org.testng.SuiteRunnerWorker.runSuite(SuiteRunnerWorker.java:52)
	at org.testng.SuiteRunnerWorker.run(SuiteRunnerWorker.java:86)
	at org.testng.TestNG.runSuitesSequentially(TestNG.java:1199)
	at org.testng.TestNG.runSuitesLocally(TestNG.java:1124)
	at org.testng.TestNG.run(TestNG.java:1032)
	at org.testng.remote.RemoteTestNG.run(RemoteTestNG.java:111)
	at org.testng.remote.RemoteTestNG.initAndRun(RemoteTestNG.java:204)
	at org.testng.remote.RemoteTestNG.main(RemoteTestNG.java:175)
</pre></div></td>
<td>0</td>
<td>com.netease.vstore.test.scene.BuyTwoSamePrdctFromOneShop@653838e4</td></tr>
<tr>
<td title='com.netease.vstore.test.scene.BuyTwoSamePrdctFromOneShop.purchaseIndex()'><b>purchaseIndex</b><br>Test class: com.netease.vstore.test.scene.BuyTwoSamePrdctFromOneShop</td>
<td><div><pre>java.lang.AssertionError: expected [true] but found [false]
	at Util.UIAutoVstoreUtil.ClickLinkNoSwitchWindow(UIAutoVstoreUtil.java:91)
	at com.netease.vstore.Purchase.purchaseIndex(Purchase.java:20)
	at com.netease.vstore.test.scene.BuyTwoSamePrdctFromOneShop.purchaseIndex(BuyTwoSamePrdctFromOneShop.java:100)
... Removed 28 stack frames</pre></div><a href='#' onClick='toggleBox("stack-trace1694551346", this, "Click to show all stack frames", "Click to hide stack frames")'>Click to show all stack frames</a>
<div class='stack-trace' id='stack-trace1694551346'><pre>java.lang.AssertionError: expected [true] but found [false]
	at org.testng.Assert.fail(Assert.java:94)
	at org.testng.Assert.failNotEquals(Assert.java:496)
	at org.testng.Assert.assertTrue(Assert.java:42)
	at org.testng.Assert.assertTrue(Assert.java:52)
	at Util.UIAutoVstoreUtil.ClickLinkNoSwitchWindow(UIAutoVstoreUtil.java:91)
	at com.netease.vstore.Purchase.purchaseIndex(Purchase.java:20)
	at com.netease.vstore.test.scene.BuyTwoSamePrdctFromOneShop.purchaseIndex(BuyTwoSamePrdctFromOneShop.java:100)
	at sun.reflect.NativeMethodAccessorImpl.invoke0(Native Method)
	at sun.reflect.NativeMethodAccessorImpl.invoke(Unknown Source)
	at sun.reflect.DelegatingMethodAccessorImpl.invoke(Unknown Source)
	at java.lang.reflect.Method.invoke(Unknown Source)
	at org.testng.internal.MethodInvocationHelper.invokeMethod(MethodInvocationHelper.java:85)
	at org.testng.internal.Invoker.invokeMethod(Invoker.java:659)
	at org.testng.internal.Invoker.invokeTestMethod(Invoker.java:845)
	at org.testng.internal.Invoker.invokeTestMethods(Invoker.java:1153)
	at org.testng.internal.TestMethodWorker.invokeTestMethods(TestMethodWorker.java:125)
	at org.testng.internal.TestMethodWorker.run(TestMethodWorker.java:108)
	at org.testng.TestRunner.privateRun(TestRunner.java:771)
	at org.testng.TestRunner.run(TestRunner.java:621)
	at org.testng.SuiteRunner.runTest(SuiteRunner.java:357)
	at org.testng.SuiteRunner.runSequentially(SuiteRunner.java:352)
	at org.testng.SuiteRunner.privateRun(SuiteRunner.java:310)
	at org.testng.SuiteRunner.run(SuiteRunner.java:259)
	at org.testng.SuiteRunnerWorker.runSuite(SuiteRunnerWorker.java:52)
	at org.testng.SuiteRunnerWorker.run(SuiteRunnerWorker.java:86)
	at org.testng.TestNG.runSuitesSequentially(TestNG.java:1199)
	at org.testng.TestNG.runSuitesLocally(TestNG.java:1124)
	at org.testng.TestNG.run(TestNG.java:1032)
	at org.testng.remote.RemoteTestNG.run(RemoteTestNG.java:111)
	at org.testng.remote.RemoteTestNG.initAndRun(RemoteTestNG.java:204)
	at org.testng.remote.RemoteTestNG.main(RemoteTestNG.java:175)
</pre></div></td>
<td>0</td>
<td>com.netease.vstore.test.scene.BuyTwoSamePrdctFromOneShop@653838e4</td></tr>
</table><p>
<table width='100%' border='1' class='invocation-passed'>
<tr><td colspan='4' align='center'><b>PASSED TESTS</b></td></tr>
<tr><td><b>Test method</b></td>
<td width="30%"><b>Exception</b></td>
<td width="10%"><b>Time (seconds)</b></td>
<td><b>Instance</b></td>
</tr>
<tr>
<td title='com.netease.vstore.test.scene.BuyTwoSamePrdctFromOneShop.ChangeProvinceTest()'><b>ChangeProvinceTest</b><br>Test class: com.netease.vstore.test.scene.BuyTwoSamePrdctFromOneShop</td>
<td></td>
<td>1</td>
<td>com.netease.vstore.test.scene.BuyTwoSamePrdctFromOneShop@653838e4</td></tr>
<tr>
<td title='com.netease.vstore.test.scene.BuyTwoSamePrdctFromOneShop.addToCartTest()'><b>addToCartTest</b><br>Test class: com.netease.vstore.test.scene.BuyTwoSamePrdctFromOneShop</td>
<td></td>
<td>2</td>
<td>com.netease.vstore.test.scene.BuyTwoSamePrdctFromOneShop@653838e4</td></tr>
<tr>
<td title='com.netease.vstore.test.scene.BuyTwoSamePrdctFromOneShop.detailTest()'><b>detailTest</b><br>Test class: com.netease.vstore.test.scene.BuyTwoSamePrdctFromOneShop</td>
<td></td>
<td>1</td>
<td>com.netease.vstore.test.scene.BuyTwoSamePrdctFromOneShop@653838e4</td></tr>
<tr>
<td title='com.netease.vstore.test.scene.BuyTwoSamePrdctFromOneShop.incrPrdtCountTest()'><b>incrPrdtCountTest</b><br>Test class: com.netease.vstore.test.scene.BuyTwoSamePrdctFromOneShop</td>
<td></td>
<td>0</td>
<td>com.netease.vstore.test.scene.BuyTwoSamePrdctFromOneShop@653838e4</td></tr>
<tr>
<td title='com.netease.vstore.test.scene.BuyTwoSamePrdctFromOneShop.scheduleTest()'><b>scheduleTest</b><br>Test class: com.netease.vstore.test.scene.BuyTwoSamePrdctFromOneShop</td>
<td></td>
<td>9</td>
<td>com.netease.vstore.test.scene.BuyTwoSamePrdctFromOneShop@653838e4</td></tr>
<tr>
<td title='com.netease.vstore.test.scene.BuyTwoSamePrdctFromOneShop.xiupinLoginTest()'><b>xiupinLoginTest</b><br>Test class: com.netease.vstore.test.scene.BuyTwoSamePrdctFromOneShop<br>Parameters: cktest1050@163.com, qa1234</td>
<td></td>
<td>10</td>
<td>com.netease.vstore.test.scene.BuyTwoSamePrdctFromOneShop@653838e4</td></tr>
<tr>
<td title='com.netease.vstore.test.scene.BuyTwoSamePrdctFromOneShop.xiupinLogout()'><b>xiupinLogout</b><br>Test class: com.netease.vstore.test.scene.BuyTwoSamePrdctFromOneShop</td>
<td></td>
<td>2</td>
<td>com.netease.vstore.test.scene.BuyTwoSamePrdctFromOneShop@653838e4</td></tr>
</table><p>
</body>
</html>