<?xml version="1.0" encoding="UTF-8"?>
<!-- Generated by org.testng.reporters.JUnitXMLReporter -->
<testsuite hostname="HIH-D-1894" name="CancelUnshipedOrderTest" tests="7" failures="1" timestamp="10 Jul 2015 04:22:02 GMT" time="43.168" errors="0">
  <testcase name="xiupinLoginTest" time="7.887" classname="com.netease.vstore.test.order.CancelUnshipedOrderTest"/>
  <testcase name="ChangeProvince" time="1.9" classname="com.netease.vstore.test.order.CancelUnshipedOrderTest"/>
  <testcase name="pofileIndexTest" time="1.683" classname="com.netease.vstore.test.order.CancelUnshipedOrderTest"/>
  <testcase name="myOrderTest" time="1.665" classname="com.netease.vstore.test.order.CancelUnshipedOrderTest"/>
  <testcase name="ToBeShippedOrder" time="0.573" classname="com.netease.vstore.test.order.CancelUnshipedOrderTest"/>
  <testcase name="CancelUnshipedOrderTestTest" time="25.067" classname="com.netease.vstore.test.order.CancelUnshipedOrderTest">
    <failure type="org.openqa.selenium.StaleElementReferenceException" message="stale element reference: element is not attached to the page document
  (Session info: chrome=35.0.1916.153)
  (Driver info: chromedriver=2.9.248315,platform=Windows NT 6.1 SP1 x86_64) (WARNING: The server did not provide any stacktrace information)
Command duration or timeout: 41 milliseconds
For documentation on this error, please visit: http://seleniumhq.org/exceptions/stale_element_reference.html
Build info: version: &amp;apos;2.45.0&amp;apos;, revision: &amp;apos;5017cb8e7ca8e37638dc3091b2440b90a1d8686f&amp;apos;, time: &amp;apos;2015-02-27 09:10:26&amp;apos;
System info: host: &amp;apos;HIH-D-1894&amp;apos;, ip: &amp;apos;10.240.177.8&amp;apos;, os.name: &amp;apos;Windows 7&amp;apos;, os.arch: &amp;apos;amd64&amp;apos;, os.version: &amp;apos;6.1&amp;apos;, java.version: &amp;apos;1.7.0_67&amp;apos;
Session ID: 18fefd31d41628004410e27116a58699
Driver info: org.openqa.selenium.chrome.ChromeDriver
Capabilities [{platform=XP, acceptSslCerts=true, javascriptEnabled=true, browserName=chrome, chrome={userDataDir=C:\Users\HZGEQI~1\AppData\Local\Temp\scoped_dir4032_15547}, rotatable=false, locationContextEnabled=true, version=35.0.1916.153, takesHeapSnapshot=true, cssSelectorsEnabled=true, databaseEnabled=false, handlesAlerts=true, browserConnectionEnabled=false, webStorageEnabled=true, nativeEvents=true, applicationCacheEnabled=false, takesScreenshot=true}]">
      <![CDATA[org.openqa.selenium.StaleElementReferenceException: stale element reference: element is not attached to the page document
  (Session info: chrome=35.0.1916.153)
  (Driver info: chromedriver=2.9.248315,platform=Windows NT 6.1 SP1 x86_64) (WARNING: The server did not provide any stacktrace information)
Command duration or timeout: 41 milliseconds
For documentation on this error, please visit: http://seleniumhq.org/exceptions/stale_element_reference.html
Build info: version: '2.45.0', revision: '5017cb8e7ca8e37638dc3091b2440b90a1d8686f', time: '2015-02-27 09:10:26'
System info: host: 'HIH-D-1894', ip: '10.240.177.8', os.name: 'Windows 7', os.arch: 'amd64', os.version: '6.1', java.version: '1.7.0_67'
Session ID: 18fefd31d41628004410e27116a58699
Driver info: org.openqa.selenium.chrome.ChromeDriver
Capabilities [{platform=XP, acceptSslCerts=true, javascriptEnabled=true, browserName=chrome, chrome={userDataDir=C:\Users\HZGEQI~1\AppData\Local\Temp\scoped_dir4032_15547}, rotatable=false, locationContextEnabled=true, version=35.0.1916.153, takesHeapSnapshot=true, cssSelectorsEnabled=true, databaseEnabled=false, handlesAlerts=true, browserConnectionEnabled=false, webStorageEnabled=true, nativeEvents=true, applicationCacheEnabled=false, takesScreenshot=true}]
	at org.openqa.selenium.remote.ErrorHandler.createThrowable(ErrorHandler.java:204)
	at org.openqa.selenium.remote.ErrorHandler.throwIfResponseFailed(ErrorHandler.java:156)
	at org.openqa.selenium.remote.RemoteWebDriver.execute(RemoteWebDriver.java:599)
	at org.openqa.selenium.remote.RemoteWebElement.execute(RemoteWebElement.java:268)
	at org.openqa.selenium.remote.RemoteWebElement.click(RemoteWebElement.java:79)
	at Util.UIAutoVstoreUtil.click(UIAutoVstoreUtil.java:160)
	at com.netease.vstore.Order.cancelUnshipedOrder(Order.java:321)
	at com.netease.vstore.test.order.CancelUnshipedOrderTest.CancelUnshipedOrderTestTest(CancelUnshipedOrderTest.java:88)
... Removed 28 stack frames]]>
    </failure>
  </testcase> <!-- CancelUnshipedOrderTestTest -->
  <testcase name="LogoutTest" time="2.365" classname="com.netease.vstore.test.order.CancelUnshipedOrderTest"/>
</testsuite> <!-- CancelUnshipedOrderTest -->
